<?xml version="1.0" encoding="UTF-8"?>
<testng-results skipped="0" failed="0" ignored="0" total="1" passed="1">
  <reporter-output>
  </reporter-output>
  <suite name="JenkinSuite" duration-ms="74" started-at="2020-03-02T17:23:09Z" finished-at="2020-03-02T17:23:09Z">
    <groups>
    </groups>
    <test name="Test" duration-ms="74" started-at="2020-03-02T17:23:09Z" finished-at="2020-03-02T17:23:09Z">
      <class name="JenkinSample.Jenkins.App">
        <test-method status="PASS" signature="test()[pri:0, instance:JenkinSample.Jenkins.App@1810399e]" name="test" duration-ms="40" started-at="2020-03-02T17:23:09Z" finished-at="2020-03-02T17:23:09Z">
          <reporter-output>
          </reporter-output>
        </test-method> <!-- test -->
      </class> <!-- JenkinSample.Jenkins.App -->
    </test> <!-- Test -->
  </suite> <!-- JenkinSuite -->
</testng-results>
